<?xml version="1.0" encoding="UTF-8" standalone="yes"?><!DOCTYPE report PUBLIC "-//JACOCO//DTD Report 1.1//EN" "report.dtd"><report name="kaddem"><sessioninfo id="DESKTOP-8F44L0L-9bc1aa68" start="1699880367192" dump="1699880368004"/><package name="tn/esprit/spring/kaddem"><class name="tn/esprit/spring/kaddem/KaddemApplication" sourcefilename="KaddemApplication.java"><method name="&lt;init&gt;" desc="()V" line="9"><counter type="INSTRUCTION" missed="3" covered="0"/><counter type="LINE" missed="1" covered="0"/><counter type="COMPLEXITY" missed="1" covered="0"/><counter type="METHOD" missed="1" covered="0"/></method><method name="main" desc="([Ljava/lang/String;)V" line="12"><counter type="INSTRUCTION" missed="5" covered="0"/><counter type="LINE" missed="2" covered="0"/><counter type="COMPLEXITY" missed="1" covered="0"/><counter type="METHOD" missed="1" covered="0"/></method><counter type="INSTRUCTION" missed="8" covered="0"/><counter type="LINE" missed="3" covered="0"/><counter type="COMPLEXITY" missed="2" covered="0"/><counter type="METHOD" missed="2" covered="0"/><counter type="CLASS" missed="1" covered="0"/></class><sourcefile name="KaddemApplication.java"><line nr="9" mi="3" ci="0" mb="0" cb="0"/><line nr="12" mi="4" ci="0" mb="0" cb="0"/><line nr="13" mi="1" ci="0" mb="0" cb="0"/><counter type="INSTRUCTION" missed="8" covered="0"/><counter type="LINE" missed="3" covered="0"/><counter type="COMPLEXITY" missed="2" covered="0"/><counter type="METHOD" missed="2" covered="0"/><counter type="CLASS" missed="1" covered="0"/></sourcefile><counter type="INSTRUCTION" missed="8" covered="0"/><counter type="LINE" missed="3" covered="0"/><counter type="COMPLEXITY" missed="2" covered="0"/><counter type="METHOD" missed="2" covered="0"/><counter type="CLASS" missed="1" covered="0"/></package><package name="tn/esprit/spring/kaddem/controllers"><class name="tn/esprit/spring/kaddem/controllers/DepartementRestController" sourcefilename="DepartementRestController.java"><method name="getDepartements" desc="()Ljava/util/List;" line="18"><counter type="INSTRUCTION" missed="6" covered="0"/><counter type="LINE" missed="2" covered="0"/><counter type="COMPLEXITY" missed="1" covered="0"/><counter type="METHOD" missed="1" covered="0"/></method><method name="retrieveDepartement" desc="(Ljava/lang/Integer;)Ltn/esprit/spring/kaddem/entities/Departement;" line="24"><counter type="INSTRUCTION" missed="5" covered="0"/><counter type="LINE" missed="1" covered="0"/><counter type="COMPLEXITY" missed="1" covered="0"/><counter type="METHOD" missed="1" covered="0"/></method><method name="addDepartement" desc="(Ltn/esprit/spring/kaddem/entities/Departement;)Ltn/esprit/spring/kaddem/entities/Departement;" line="30"><counter type="INSTRUCTION" missed="7" covered="0"/><counter type="LINE" missed="2" covered="0"/><counter type="COMPLEXITY" missed="1" covered="0"/><counter type="METHOD" missed="1" covered="0"/></method><method name="removeDepartement" desc="(Ljava/lang/Integer;)V" line="37"><counter type="INSTRUCTION" missed="5" covered="0"/><counter type="LINE" missed="2" covered="0"/><counter type="COMPLEXITY" missed="1" covered="0"/><counter type="METHOD" missed="1" covered="0"/></method><method name="updateDepartement" desc="(Ltn/esprit/spring/kaddem/entities/Departement;)Ltn/esprit/spring/kaddem/entities/Departement;" line="43"><counter type="INSTRUCTION" missed="7" covered="0"/><counter type="LINE" missed="2" covered="0"/><counter type="COMPLEXITY" missed="1" covered="0"/><counter type="METHOD" missed="1" covered="0"/></method><method name="&lt;init&gt;" desc="(Ltn/esprit/spring/kaddem/services/IDepartementService;)V" line="11"><counter type="INSTRUCTION" missed="6" covered="0"/><counter type="LINE" missed="1" covered="0"/><counter type="COMPLEXITY" missed="1" covered="0"/><counter type="METHOD" missed="1" covered="0"/></method><counter type="INSTRUCTION" missed="36" covered="0"/><counter type="LINE" missed="10" covered="0"/><counter type="COMPLEXITY" missed="6" covered="0"/><counter type="METHOD" missed="6" covered="0"/><counter type="CLASS" missed="1" covered="0"/></class><class name="tn/esprit/spring/kaddem/controllers/EquipeRestController" sourcefilename="EquipeRestController.java"><method name="getEquipes" desc="()Ljava/util/List;" line="20"><counter type="INSTRUCTION" missed="6" covered="0"/><counter type="LINE" missed="2" covered="0"/><counter type="COMPLEXITY" missed="1" covered="0"/><counter type="METHOD" missed="1" covered="0"/></method><method name="retrieveEquipe" desc="(Ljava/lang/Integer;)Ltn/esprit/spring/kaddem/entities/Equipe;" line="26"><counter type="INSTRUCTION" missed="5" covered="0"/><counter type="LINE" missed="1" covered="0"/><counter type="COMPLEXITY" missed="1" covered="0"/><counter type="METHOD" missed="1" covered="0"/></method><method name="addEquipe" desc="(Ltn/esprit/spring/kaddem/entities/Equipe;)Ltn/esprit/spring/kaddem/entities/Equipe;" line="32"><counter type="INSTRUCTION" missed="7" covered="0"/><counter type="LINE" missed="2" covered="0"/><counter type="COMPLEXITY" missed="1" covered="0"/><counter type="METHOD" missed="1" covered="0"/></method><method name="removeEquipe" desc="(Ljava/lang/Integer;)V" line="39"><counter type="INSTRUCTION" missed="5" covered="0"/><counter type="LINE" missed="2" covered="0"/><counter type="COMPLEXITY" missed="1" covered="0"/><counter type="METHOD" missed="1" covered="0"/></method><method name="updateEtudiant" desc="(Ltn/esprit/spring/kaddem/entities/Equipe;)Ltn/esprit/spring/kaddem/entities/Equipe;" line="45"><counter type="INSTRUCTION" missed="7" covered="0"/><counter type="LINE" missed="2" covered="0"/><counter type="COMPLEXITY" missed="1" covered="0"/><counter type="METHOD" missed="1" covered="0"/></method><method name="faireEvoluerEquipes" desc="()V" line="52"><counter type="INSTRUCTION" missed="4" covered="0"/><counter type="LINE" missed="2" covered="0"/><counter type="COMPLEXITY" missed="1" covered="0"/><counter type="METHOD" missed="1" covered="0"/></method><method name="&lt;init&gt;" desc="(Ltn/esprit/spring/kaddem/services/IEquipeService;)V" line="13"><counter type="INSTRUCTION" missed="6" covered="0"/><counter type="LINE" missed="1" covered="0"/><counter type="COMPLEXITY" missed="1" covered="0"/><counter type="METHOD" missed="1" covered="0"/></method><counter type="INSTRUCTION" missed="40" covered="0"/><counter type="LINE" missed="12" covered="0"/><counter type="COMPLEXITY" missed="7" covered="0"/><counter type="METHOD" missed="7" covered="0"/><counter type="CLASS" missed="1" covered="0"/></class><class name="tn/esprit/spring/kaddem/controllers/UniversiteRestController" sourcefilename="UniversiteRestController.java"><method name="getUniversites" desc="()Ljava/util/List;" line="22"><counter type="INSTRUCTION" missed="6" covered="0"/><counter type="LINE" missed="2" covered="0"/><counter type="COMPLEXITY" missed="1" covered="0"/><counter type="METHOD" missed="1" covered="0"/></method><method name="retrieveUniversite" desc="(Ljava/lang/Integer;)Ltn/esprit/spring/kaddem/entities/Universite;" line="28"><counter type="INSTRUCTION" missed="5" covered="0"/><counter type="LINE" missed="1" covered="0"/><counter type="COMPLEXITY" missed="1" covered="0"/><counter type="METHOD" missed="1" covered="0"/></method><method name="addUniversite" desc="(Ltn/esprit/spring/kaddem/entities/Universite;)Ltn/esprit/spring/kaddem/entities/Universite;" line="34"><counter type="INSTRUCTION" missed="7" covered="0"/><counter type="LINE" missed="2" covered="0"/><counter type="COMPLEXITY" missed="1" covered="0"/><counter type="METHOD" missed="1" covered="0"/></method><method name="removeUniversite" desc="(Ljava/lang/Integer;)V" line="41"><counter type="INSTRUCTION" missed="5" covered="0"/><counter type="LINE" missed="2" covered="0"/><counter type="COMPLEXITY" missed="1" covered="0"/><counter type="METHOD" missed="1" covered="0"/></method><method name="updateUniversite" desc="(Ltn/esprit/spring/kaddem/entities/Universite;)Ltn/esprit/spring/kaddem/entities/Universite;" line="47"><counter type="INSTRUCTION" missed="7" covered="0"/><counter type="LINE" missed="2" covered="0"/><counter type="COMPLEXITY" missed="1" covered="0"/><counter type="METHOD" missed="1" covered="0"/></method><method name="affectertUniversiteToDepartement" desc="(Ljava/lang/Integer;Ljava/lang/Integer;)V" line="54"><counter type="INSTRUCTION" missed="6" covered="0"/><counter type="LINE" missed="2" covered="0"/><counter type="COMPLEXITY" missed="1" covered="0"/><counter type="METHOD" missed="1" covered="0"/></method><method name="listerDepartementsUniversite" desc="(Ljava/lang/Integer;)Ljava/util/Set;" line="60"><counter type="INSTRUCTION" missed="5" covered="0"/><counter type="LINE" missed="1" covered="0"/><counter type="COMPLEXITY" missed="1" covered="0"/><counter type="METHOD" missed="1" covered="0"/></method><method name="&lt;init&gt;" desc="(Ltn/esprit/spring/kaddem/services/IUniversiteService;)V" line="14"><counter type="INSTRUCTION" missed="6" covered="0"/><counter type="LINE" missed="1" covered="0"/><counter type="COMPLEXITY" missed="1" covered="0"/><counter type="METHOD" missed="1" covered="0"/></method><counter type="INSTRUCTION" missed="47" covered="0"/><counter type="LINE" missed="13" covered="0"/><counter type="COMPLEXITY" missed="8" covered="0"/><counter type="METHOD" missed="8" covered="0"/><counter type="CLASS" missed="1" covered="0"/></class><class name="tn/esprit/spring/kaddem/controllers/ContratRestController" sourcefilename="ContratRestController.java"><method name="getContrats" desc="()Ljava/util/List;" line="23"><counter type="INSTRUCTION" missed="6" covered="0"/><counter type="LINE" missed="2" covered="0"/><counter type="COMPLEXITY" missed="1" covered="0"/><counter type="METHOD" missed="1" covered="0"/></method><method name="retrieveContrat" desc="(Ljava/lang/Integer;)Ltn/esprit/spring/kaddem/entities/Contrat;" line="29"><counter type="INSTRUCTION" missed="5" covered="0"/><counter type="LINE" missed="1" covered="0"/><counter type="COMPLEXITY" missed="1" covered="0"/><counter type="METHOD" missed="1" covered="0"/></method><method name="addContrat" desc="(Ltn/esprit/spring/kaddem/entities/Contrat;)Ltn/esprit/spring/kaddem/entities/Contrat;" line="35"><counter type="INSTRUCTION" missed="7" covered="0"/><counter type="LINE" missed="2" covered="0"/><counter type="COMPLEXITY" missed="1" covered="0"/><counter type="METHOD" missed="1" covered="0"/></method><method name="removeContrat" desc="(Ljava/lang/Integer;)V" line="42"><counter type="INSTRUCTION" missed="5" covered="0"/><counter type="LINE" missed="2" covered="0"/><counter type="COMPLEXITY" missed="1" covered="0"/><counter type="METHOD" missed="1" covered="0"/></method><method name="updateContrat" desc="(Ltn/esprit/spring/kaddem/entities/Contrat;)Ltn/esprit/spring/kaddem/entities/Contrat;" line="48"><counter type="INSTRUCTION" missed="7" covered="0"/><counter type="LINE" missed="2" covered="0"/><counter type="COMPLEXITY" missed="1" covered="0"/><counter type="METHOD" missed="1" covered="0"/></method><method name="assignContratToEtudiant" desc="(Ljava/lang/Integer;Ljava/lang/String;Ljava/lang/String;)Ltn/esprit/spring/kaddem/entities/Contrat;" line="60"><counter type="INSTRUCTION" missed="7" covered="0"/><counter type="LINE" missed="1" covered="0"/><counter type="COMPLEXITY" missed="1" covered="0"/><counter type="METHOD" missed="1" covered="0"/></method><method name="getnbContratsValides" desc="(Ljava/util/Date;Ljava/util/Date;)Ljava/lang/Integer;" line="68"><counter type="INSTRUCTION" missed="6" covered="0"/><counter type="LINE" missed="1" covered="0"/><counter type="COMPLEXITY" missed="1" covered="0"/><counter type="METHOD" missed="1" covered="0"/></method><method name="majStatusContrat" desc="()V" line="76"><counter type="INSTRUCTION" missed="4" covered="0"/><counter type="LINE" missed="2" covered="0"/><counter type="COMPLEXITY" missed="1" covered="0"/><counter type="METHOD" missed="1" covered="0"/></method><method name="calculChiffreAffaireEntreDeuxDates" desc="(Ljava/util/Date;Ljava/util/Date;)F" line="87"><counter type="INSTRUCTION" missed="6" covered="0"/><counter type="LINE" missed="1" covered="0"/><counter type="COMPLEXITY" missed="1" covered="0"/><counter type="METHOD" missed="1" covered="0"/></method><method name="&lt;init&gt;" desc="(Ltn/esprit/spring/kaddem/services/IContratService;)V" line="16"><counter type="INSTRUCTION" missed="6" covered="0"/><counter type="LINE" missed="1" covered="0"/><counter type="COMPLEXITY" missed="1" covered="0"/><counter type="METHOD" missed="1" covered="0"/></method><counter type="INSTRUCTION" missed="59" covered="0"/><counter type="LINE" missed="15" covered="0"/><counter type="COMPLEXITY" missed="10" covered="0"/><counter type="METHOD" missed="10" covered="0"/><counter type="CLASS" missed="1" covered="0"/></class><class name="tn/esprit/spring/kaddem/controllers/EtudiantRestController" sourcefilename="EtudiantRestController.java"><method name="getEtudiants" desc="()Ljava/util/List;" line="20"><counter type="INSTRUCTION" missed="6" covered="0"/><counter type="LINE" missed="2" covered="0"/><counter type="COMPLEXITY" missed="1" covered="0"/><counter type="METHOD" missed="1" covered="0"/></method><method name="retrieveEtudiant" desc="(Ljava/lang/Integer;)Ltn/esprit/spring/kaddem/entities/Etudiant;" line="26"><counter type="INSTRUCTION" missed="5" covered="0"/><counter type="LINE" missed="1" covered="0"/><counter type="COMPLEXITY" missed="1" covered="0"/><counter type="METHOD" missed="1" covered="0"/></method><method name="addEtudiant" desc="(Ltn/esprit/spring/kaddem/entities/Etudiant;)Ltn/esprit/spring/kaddem/entities/Etudiant;" line="32"><counter type="INSTRUCTION" missed="7" covered="0"/><counter type="LINE" missed="2" covered="0"/><counter type="COMPLEXITY" missed="1" covered="0"/><counter type="METHOD" missed="1" covered="0"/></method><method name="removeEtudiant" desc="(Ljava/lang/Integer;)V" line="39"><counter type="INSTRUCTION" missed="5" covered="0"/><counter type="LINE" missed="2" covered="0"/><counter type="COMPLEXITY" missed="1" covered="0"/><counter type="METHOD" missed="1" covered="0"/></method><method name="updateEtudiant" desc="(Ltn/esprit/spring/kaddem/entities/Etudiant;)Ltn/esprit/spring/kaddem/entities/Etudiant;" line="45"><counter type="INSTRUCTION" missed="7" covered="0"/><counter type="LINE" missed="2" covered="0"/><counter type="COMPLEXITY" missed="1" covered="0"/><counter type="METHOD" missed="1" covered="0"/></method><method name="affecterEtudiantToDepartement" desc="(Ljava/lang/Integer;Ljava/lang/Integer;)V" line="53"><counter type="INSTRUCTION" missed="6" covered="0"/><counter type="LINE" missed="2" covered="0"/><counter type="COMPLEXITY" missed="1" covered="0"/><counter type="METHOD" missed="1" covered="0"/></method><method name="addEtudiantWithEquipeAndContract" desc="(Ltn/esprit/spring/kaddem/entities/Etudiant;Ljava/lang/Integer;Ljava/lang/Integer;)Ltn/esprit/spring/kaddem/entities/Etudiant;" line="60"><counter type="INSTRUCTION" missed="9" covered="0"/><counter type="LINE" missed="2" covered="0"/><counter type="COMPLEXITY" missed="1" covered="0"/><counter type="METHOD" missed="1" covered="0"/></method><method name="getEtudiantsParDepartement" desc="(Ljava/lang/Integer;)Ljava/util/List;" line="67"><counter type="INSTRUCTION" missed="5" covered="0"/><counter type="LINE" missed="1" covered="0"/><counter type="COMPLEXITY" missed="1" covered="0"/><counter type="METHOD" missed="1" covered="0"/></method><method name="&lt;init&gt;" desc="(Ltn/esprit/spring/kaddem/services/IEtudiantService;)V" line="12"><counter type="INSTRUCTION" missed="6" covered="0"/><counter type="LINE" missed="1" covered="0"/><counter type="COMPLEXITY" missed="1" covered="0"/><counter type="METHOD" missed="1" covered="0"/></method><counter type="INSTRUCTION" missed="56" covered="0"/><counter type="LINE" missed="15" covered="0"/><counter type="COMPLEXITY" missed="9" covered="0"/><counter type="METHOD" missed="9" covered="0"/><counter type="CLASS" missed="1" covered="0"/></class><sourcefile name="UniversiteRestController.java"><line nr="14" mi="6" ci="0" mb="0" cb="0"/><line nr="22" mi="4" ci="0" mb="0" cb="0"/><line nr="23" mi="2" ci="0" mb="0" cb="0"/><line nr="28" mi="5" ci="0" mb="0" cb="0"/><line nr="34" mi="5" ci="0" mb="0" cb="0"/><line nr="35" mi="2" ci="0" mb="0" cb="0"/><line nr="41" mi="4" ci="0" mb="0" cb="0"/><line nr="42" mi="1" ci="0" mb="0" cb="0"/><line nr="47" mi="5" ci="0" mb="0" cb="0"/><line nr="48" mi="2" ci="0" mb="0" cb="0"/><line nr="54" mi="5" ci="0" mb="0" cb="0"/><line nr="55" mi="1" ci="0" mb="0" cb="0"/><line nr="60" mi="5" ci="0" mb="0" cb="0"/><counter type="INSTRUCTION" missed="47" covered="0"/><counter type="LINE" missed="13" covered="0"/><counter type="COMPLEXITY" missed="8" covered="0"/><counter type="METHOD" missed="8" covered="0"/><counter type="CLASS" missed="1" covered="0"/></sourcefile><sourcefile name="EquipeRestController.java"><line nr="13" mi="6" ci="0" mb="0" cb="0"/><line nr="20" mi="4" ci="0" mb="0" cb="0"/><line nr="21" mi="2" ci="0" mb="0" cb="0"/><line nr="26" mi="5" ci="0" mb="0" cb="0"/><line nr="32" mi="5" ci="0" mb="0" cb="0"/><line nr="33" mi="2" ci="0" mb="0" cb="0"/><line nr="39" mi="4" ci="0" mb="0" cb="0"/><line nr="40" mi="1" ci="0" mb="0" cb="0"/><line nr="45" mi="5" ci="0" mb="0" cb="0"/><line nr="46" mi="2" ci="0" mb="0" cb="0"/><line nr="52" mi="3" ci="0" mb="0" cb="0"/><line nr="53" mi="1" ci="0" mb="0" cb="0"/><counter type="INSTRUCTION" missed="40" covered="0"/><counter type="LINE" missed="12" covered="0"/><counter type="COMPLEXITY" missed="7" covered="0"/><counter type="METHOD" missed="7" covered="0"/><counter type="CLASS" missed="1" covered="0"/></sourcefile><sourcefile name="EtudiantRestController.java"><line nr="12" mi="6" ci="0" mb="0" cb="0"/><line nr="20" mi="4" ci="0" mb="0" cb="0"/><line nr="21" mi="2" ci="0" mb="0" cb="0"/><line nr="26" mi="5" ci="0" mb="0" cb="0"/><line nr="32" mi="5" ci="0" mb="0" cb="0"/><line nr="33" mi="2" ci="0" mb="0" cb="0"/><line nr="39" mi="4" ci="0" mb="0" cb="0"/><line nr="40" mi="1" ci="0" mb="0" cb="0"/><line nr="45" mi="5" ci="0" mb="0" cb="0"/><line nr="47" mi="2" ci="0" mb="0" cb="0"/><line nr="53" mi="5" ci="0" mb="0" cb="0"/><line nr="54" mi="1" ci="0" mb="0" cb="0"/><line nr="60" mi="7" ci="0" mb="0" cb="0"/><line nr="61" mi="2" ci="0" mb="0" cb="0"/><line nr="67" mi="5" ci="0" mb="0" cb="0"/><counter type="INSTRUCTION" missed="56" covered="0"/><counter type="LINE" missed="15" covered="0"/><counter type="COMPLEXITY" missed="9" covered="0"/><counter type="METHOD" missed="9" covered="0"/><counter type="CLASS" missed="1" covered="0"/></sourcefile><sourcefile name="DepartementRestController.java"><line nr="11" mi="6" ci="0" mb="0" cb="0"/><line nr="18" mi="4" ci="0" mb="0" cb="0"/><line nr="19" mi="2" ci="0" mb="0" cb="0"/><line nr="24" mi="5" ci="0" mb="0" cb="0"/><line nr="30" mi="5" ci="0" mb="0" cb="0"/><line nr="31" mi="2" ci="0" mb="0" cb="0"/><line nr="37" mi="4" ci="0" mb="0" cb="0"/><line nr="38" mi="1" ci="0" mb="0" cb="0"/><line nr="43" mi="5" ci="0" mb="0" cb="0"/><line nr="44" mi="2" ci="0" mb="0" cb="0"/><counter type="INSTRUCTION" missed="36" covered="0"/><counter type="LINE" missed="10" covered="0"/><counter type="COMPLEXITY" missed="6" covered="0"/><counter type="METHOD" missed="6" covered="0"/><counter type="CLASS" missed="1" covered="0"/></sourcefile><sourcefile name="ContratRestController.java"><line nr="16" mi="6" ci="0" mb="0" cb="0"/><line nr="23" mi="4" ci="0" mb="0" cb="0"/><line nr="24" mi="2" ci="0" mb="0" cb="0"/><line nr="29" mi="5" ci="0" mb="0" cb="0"/><line nr="35" mi="5" ci="0" mb="0" cb="0"/><line nr="36" mi="2" ci="0" mb="0" cb="0"/><line nr="42" mi="4" ci="0" mb="0" cb="0"/><line nr="43" mi="1" ci="0" mb="0" cb="0"/><line nr="48" mi="5" ci="0" mb="0" cb="0"/><line nr="49" mi="2" ci="0" mb="0" cb="0"/><line nr="60" mi="7" ci="0" mb="0" cb="0"/><line nr="68" mi="6" ci="0" mb="0" cb="0"/><line nr="76" mi="3" ci="0" mb="0" cb="0"/><line nr="78" mi="1" ci="0" mb="0" cb="0"/><line nr="87" mi="6" ci="0" mb="0" cb="0"/><counter type="INSTRUCTION" missed="59" covered="0"/><counter type="LINE" missed="15" covered="0"/><counter type="COMPLEXITY" missed="10" covered="0"/><counter type="METHOD" missed="10" covered="0"/><counter type="CLASS" missed="1" covered="0"/></sourcefile><counter type="INSTRUCTION" missed="238" covered="0"/><counter type="LINE" missed="65" covered="0"/><counter type="COMPLEXITY" missed="40" covered="0"/><counter type="METHOD" missed="40" covered="0"/><counter type="CLASS" missed="5" covered="0"/></package><package name="tn/esprit/spring/kaddem/repositories"><class name="tn/esprit/spring/kaddem/repositories/DepartementRepository" sourcefilename="DepartementRepository.java"/><class name="tn/esprit/spring/kaddem/repositories/EtudiantRepository" sourcefilename="EtudiantRepository.java"/><class name="tn/esprit/spring/kaddem/repositories/EquipeRepository" sourcefilename="EquipeRepository.java"/><class name="tn/esprit/spring/kaddem/repositories/ContratRepository" sourcefilename="ContratRepository.java"/><class name="tn/esprit/spring/kaddem/repositories/UniversiteRepository" sourcefilename="UniversiteRepository.java"/><sourcefile name="EquipeRepository.java"/><sourcefile name="ContratRepository.java"/><sourcefile name="DepartementRepository.java"/><sourcefile name="UniversiteRepository.java"/><sourcefile name="EtudiantRepository.java"/></package><package name="tn/esprit/spring/kaddem/entities"><class name="tn/esprit/spring/kaddem/entities/Universite" sourcefilename="Universite.java"><method name="&lt;init&gt;" desc="()V" line="19"><counter type="INSTRUCTION" missed="3" covered="0"/><counter type="LINE" missed="2" covered="0"/><counter type="COMPLEXITY" missed="1" covered="0"/><counter type="METHOD" missed="1" covered="0"/></method><method name="&lt;init&gt;" desc="(Ljava/lang/String;)V" line="24"><counter type="INSTRUCTION" missed="6" covered="0"/><counter type="LINE" missed="3" covered="0"/><counter type="COMPLEXITY" missed="1" covered="0"/><counter type="METHOD" missed="1" covered="0"/></method><method name="&lt;init&gt;" desc="(Ljava/lang/Integer;Ljava/lang/String;)V" line="29"><counter type="INSTRUCTION" missed="9" covered="0"/><counter type="LINE" missed="4" covered="0"/><counter type="COMPLEXITY" missed="1" covered="0"/><counter type="METHOD" missed="1" covered="0"/></method><method name="getDepartements" desc="()Ljava/util/Set;" line="35"><counter type="INSTRUCTION" missed="3" covered="0"/><counter type="LINE" missed="1" covered="0"/><counter type="COMPLEXITY" missed="1" covered="0"/><counter type="METHOD" missed="1" covered="0"/></method><method name="setDepartements" desc="(Ljava/util/Set;)V" line="39"><counter type="INSTRUCTION" missed="4" covered="0"/><counter type="LINE" missed="2" covered="0"/><counter type="COMPLEXITY" missed="1" covered="0"/><counter type="METHOD" missed="1" covered="0"/></method><method name="getIdUniv" desc="()Ljava/lang/Integer;" line="43"><counter type="INSTRUCTION" missed="3" covered="0"/><counter type="LINE" missed="1" covered="0"/><counter type="COMPLEXITY" missed="1" covered="0"/><counter type="METHOD" missed="1" covered="0"/></method><method name="setIdUniv" desc="(Ljava/lang/Integer;)V" line="46"><counter type="INSTRUCTION" missed="4" covered="0"/><counter type="LINE" missed="2" covered="0"/><counter type="COMPLEXITY" missed="1" covered="0"/><counter type="METHOD" missed="1" covered="0"/></method><method name="getNomUniv" desc="()Ljava/lang/String;" line="49"><counter type="INSTRUCTION" missed="3" covered="0"/><counter type="LINE" missed="1" covered="0"/><counter type="COMPLEXITY" missed="1" covered="0"/><counter type="METHOD" missed="1" covered="0"/></method><method name="setNomUniv" desc="(Ljava/lang/String;)V" line="52"><counter type="INSTRUCTION" missed="4" covered="0"/><counter type="LINE" missed="2" covered="0"/><counter type="COMPLEXITY" missed="1" covered="0"/><counter type="METHOD" missed="1" covered="0"/></method><counter type="INSTRUCTION" missed="39" covered="0"/><counter type="LINE" missed="18" covered="0"/><counter type="COMPLEXITY" missed="9" covered="0"/><counter type="METHOD" missed="9" covered="0"/><counter type="CLASS" missed="1" covered="0"/></class><class name="tn/esprit/spring/kaddem/entities/Niveau" sourcefilename="Niveau.java"><method name="&lt;clinit&gt;" desc="()V" line="3"><counter type="INSTRUCTION" missed="34" covered="0"/><counter type="LINE" missed="2" covered="0"/><counter type="COMPLEXITY" missed="1" covered="0"/><counter type="METHOD" missed="1" covered="0"/></method><counter type="INSTRUCTION" missed="34" covered="0"/><counter type="LINE" missed="2" covered="0"/><counter type="COMPLEXITY" missed="1" covered="0"/><counter type="METHOD" missed="1" covered="0"/><counter type="CLASS" missed="1" covered="0"/></class><class name="tn/esprit/spring/kaddem/entities/Contrat" sourcefilename="Contrat.java"><method name="&lt;init&gt;" desc="()V" line="27"><counter type="INSTRUCTION" missed="3" covered="0"/><counter type="LINE" missed="2" covered="0"/><counter type="COMPLEXITY" missed="1" covered="0"/><counter type="METHOD" missed="1" covered="0"/></method><method name="&lt;init&gt;" desc="(Ljava/util/Date;Ljava/util/Date;Ltn/esprit/spring/kaddem/entities/Specialite;Ljava/lang/Boolean;Ljava/lang/Integer;)V" line="33"><counter type="INSTRUCTION" missed="18" covered="0"/><counter type="LINE" missed="7" covered="0"/><counter type="COMPLEXITY" missed="1" covered="0"/><counter type="METHOD" missed="1" covered="0"/></method><method name="&lt;init&gt;" desc="(Ljava/lang/Integer;Ljava/util/Date;Ljava/util/Date;Ltn/esprit/spring/kaddem/entities/Specialite;Ljava/lang/Boolean;Ljava/lang/Integer;)V" line="43"><counter type="INSTRUCTION" missed="21" covered="0"/><counter type="LINE" missed="8" covered="0"/><counter type="COMPLEXITY" missed="1" covered="0"/><counter type="METHOD" missed="1" covered="0"/></method><method name="getIdContrat" desc="()Ljava/lang/Integer;" line="53"><counter type="INSTRUCTION" missed="3" covered="0"/><counter type="LINE" missed="1" covered="0"/><counter type="COMPLEXITY" missed="1" covered="0"/><counter type="METHOD" missed="1" covered="0"/></method><method name="setIdContrat" desc="(Ljava/lang/Integer;)V" line="56"><counter type="INSTRUCTION" missed="4" covered="0"/><counter type="LINE" missed="2" covered="0"/><counter type="COMPLEXITY" missed="1" covered="0"/><counter type="METHOD" missed="1" covered="0"/></method><method name="getDateDebutContrat" desc="()Ljava/util/Date;" line="59"><counter type="INSTRUCTION" missed="3" covered="0"/><counter type="LINE" missed="1" covered="0"/><counter type="COMPLEXITY" missed="1" covered="0"/><counter type="METHOD" missed="1" covered="0"/></method><method name="setDateDebutContrat" desc="(Ljava/util/Date;)V" line="62"><counter type="INSTRUCTION" missed="4" covered="0"/><counter type="LINE" missed="2" covered="0"/><counter type="COMPLEXITY" missed="1" covered="0"/><counter type="METHOD" missed="1" covered="0"/></method><method name="getDateFinContrat" desc="()Ljava/util/Date;" line="65"><counter type="INSTRUCTION" missed="3" covered="0"/><counter type="LINE" missed="1" covered="0"/><counter type="COMPLEXITY" missed="1" covered="0"/><counter type="METHOD" missed="1" covered="0"/></method><method name="setDateFinContrat" desc="(Ljava/util/Date;)V" line="68"><counter type="INSTRUCTION" missed="4" covered="0"/><counter type="LINE" missed="2" covered="0"/><counter type="COMPLEXITY" missed="1" covered="0"/><counter type="METHOD" missed="1" covered="0"/></method><method name="getSpecialite" desc="()Ltn/esprit/spring/kaddem/entities/Specialite;" line="71"><counter type="INSTRUCTION" missed="3" covered="0"/><counter type="LINE" missed="1" covered="0"/><counter type="COMPLEXITY" missed="1" covered="0"/><counter type="METHOD" missed="1" covered="0"/></method><method name="setSpecialite" desc="(Ltn/esprit/spring/kaddem/entities/Specialite;)V" line="74"><counter type="INSTRUCTION" missed="4" covered="0"/><counter type="LINE" missed="2" covered="0"/><counter type="COMPLEXITY" missed="1" covered="0"/><counter type="METHOD" missed="1" covered="0"/></method><method name="getArchive" desc="()Ljava/lang/Boolean;" line="77"><counter type="INSTRUCTION" missed="3" covered="0"/><counter type="LINE" missed="1" covered="0"/><counter type="COMPLEXITY" missed="1" covered="0"/><counter type="METHOD" missed="1" covered="0"/></method><method name="setArchive" desc="(Ljava/lang/Boolean;)V" line="80"><counter type="INSTRUCTION" missed="4" covered="0"/><counter type="LINE" missed="2" covered="0"/><counter type="COMPLEXITY" missed="1" covered="0"/><counter type="METHOD" missed="1" covered="0"/></method><method name="getMontantContrat" desc="()Ljava/lang/Integer;" line="83"><counter type="INSTRUCTION" missed="3" covered="0"/><counter type="LINE" missed="1" covered="0"/><counter type="COMPLEXITY" missed="1" covered="0"/><counter type="METHOD" missed="1" covered="0"/></method><method name="setMontantContrat" desc="(Ljava/lang/Integer;)V" line="86"><counter type="INSTRUCTION" missed="4" covered="0"/><counter type="LINE" missed="2" covered="0"/><counter type="COMPLEXITY" missed="1" covered="0"/><counter type="METHOD" missed="1" covered="0"/></method><method name="getEtudiant" desc="()Ltn/esprit/spring/kaddem/entities/Etudiant;" line="90"><counter type="INSTRUCTION" missed="3" covered="0"/><counter type="LINE" missed="1" covered="0"/><counter type="COMPLEXITY" missed="1" covered="0"/><counter type="METHOD" missed="1" covered="0"/></method><method name="setEtudiant" desc="(Ltn/esprit/spring/kaddem/entities/Etudiant;)V" line="94"><counter type="INSTRUCTION" missed="4" covered="0"/><counter type="LINE" missed="2" covered="0"/><counter type="COMPLEXITY" missed="1" covered="0"/><counter type="METHOD" missed="1" covered="0"/></method><method name="toString" desc="()Ljava/lang/String;" line="11"><counter type="INSTRUCTION" missed="42" covered="0"/><counter type="LINE" missed="1" covered="0"/><counter type="COMPLEXITY" missed="1" covered="0"/><counter type="METHOD" missed="1" covered="0"/></method><counter type="INSTRUCTION" missed="133" covered="0"/><counter type="LINE" missed="39" covered="0"/><counter type="COMPLEXITY" missed="18" covered="0"/><counter type="METHOD" missed="18" covered="0"/><counter type="CLASS" missed="1" covered="0"/></class><class name="tn/esprit/spring/kaddem/entities/DetailEquipe" sourcefilename="DetailEquipe.java"><method name="&lt;init&gt;" desc="()V" line="16"><counter type="INSTRUCTION" missed="3" covered="0"/><counter type="LINE" missed="2" covered="0"/><counter type="COMPLEXITY" missed="1" covered="0"/><counter type="METHOD" missed="1" covered="0"/></method><method name="&lt;init&gt;" desc="(Ljava/lang/Integer;Ljava/lang/String;)V" line="21"><counter type="INSTRUCTION" missed="9" covered="0"/><counter type="LINE" missed="4" covered="0"/><counter type="COMPLEXITY" missed="1" covered="0"/><counter type="METHOD" missed="1" covered="0"/></method><method name="&lt;init&gt;" desc="(Ljava/lang/Integer;Ljava/lang/Integer;Ljava/lang/String;)V" line="27"><counter type="INSTRUCTION" missed="12" covered="0"/><counter type="LINE" missed="5" covered="0"/><counter type="COMPLEXITY" missed="1" covered="0"/><counter type="METHOD" missed="1" covered="0"/></method><method name="getEquipe" desc="()Ltn/esprit/spring/kaddem/entities/Equipe;" line="34"><counter type="INSTRUCTION" missed="3" covered="0"/><counter type="LINE" missed="1" covered="0"/><counter type="COMPLEXITY" missed="1" covered="0"/><counter type="METHOD" missed="1" covered="0"/></method><method name="setEquipe" desc="(Ltn/esprit/spring/kaddem/entities/Equipe;)V" line="38"><counter type="INSTRUCTION" missed="4" covered="0"/><counter type="LINE" missed="2" covered="0"/><counter type="COMPLEXITY" missed="1" covered="0"/><counter type="METHOD" missed="1" covered="0"/></method><method name="getIdDetailEquipe" desc="()Ljava/lang/Integer;" line="42"><counter type="INSTRUCTION" missed="3" covered="0"/><counter type="LINE" missed="1" covered="0"/><counter type="COMPLEXITY" missed="1" covered="0"/><counter type="METHOD" missed="1" covered="0"/></method><method name="setIdDetailEquipe" desc="(Ljava/lang/Integer;)V" line="45"><counter type="INSTRUCTION" missed="4" covered="0"/><counter type="LINE" missed="2" covered="0"/><counter type="COMPLEXITY" missed="1" covered="0"/><counter type="METHOD" missed="1" covered="0"/></method><method name="getSalle" desc="()Ljava/lang/Integer;" line="48"><counter type="INSTRUCTION" missed="3" covered="0"/><counter type="LINE" missed="1" covered="0"/><counter type="COMPLEXITY" missed="1" covered="0"/><counter type="METHOD" missed="1" covered="0"/></method><method name="setSalle" desc="(Ljava/lang/Integer;)V" line="51"><counter type="INSTRUCTION" missed="4" covered="0"/><counter type="LINE" missed="2" covered="0"/><counter type="COMPLEXITY" missed="1" covered="0"/><counter type="METHOD" missed="1" covered="0"/></method><method name="getThematique" desc="()Ljava/lang/String;" line="54"><counter type="INSTRUCTION" missed="3" covered="0"/><counter type="LINE" missed="1" covered="0"/><counter type="COMPLEXITY" missed="1" covered="0"/><counter type="METHOD" missed="1" covered="0"/></method><method name="setThematique" desc="(Ljava/lang/String;)V" line="57"><counter type="INSTRUCTION" missed="4" covered="0"/><counter type="LINE" missed="2" covered="0"/><counter type="COMPLEXITY" missed="1" covered="0"/><counter type="METHOD" missed="1" covered="0"/></method><counter type="INSTRUCTION" missed="52" covered="0"/><counter type="LINE" missed="23" covered="0"/><counter type="COMPLEXITY" missed="11" covered="0"/><counter type="METHOD" missed="11" covered="0"/><counter type="CLASS" missed="1" covered="0"/></class><class name="tn/esprit/spring/kaddem/entities/Option" sourcefilename="Option.java"><method name="&lt;clinit&gt;" desc="()V" line="3"><counter type="INSTRUCTION" missed="44" covered="0"/><counter type="LINE" missed="2" covered="0"/><counter type="COMPLEXITY" missed="1" covered="0"/><counter type="METHOD" missed="1" covered="0"/></method><counter type="INSTRUCTION" missed="44" covered="0"/><counter type="LINE" missed="2" covered="0"/><counter type="COMPLEXITY" missed="1" covered="0"/><counter type="METHOD" missed="1" covered="0"/><counter type="CLASS" missed="1" covered="0"/></class><class name="tn/esprit/spring/kaddem/entities/Equipe" sourcefilename="Equipe.java"><method name="&lt;init&gt;" desc="()V" line="26"><counter type="INSTRUCTION" missed="3" covered="0"/><counter type="LINE" missed="2" covered="0"/><counter type="COMPLEXITY" missed="1" covered="0"/><counter type="METHOD" missed="1" covered="0"/></method><method name="&lt;init&gt;" desc="(Ljava/lang/String;)V" line="30"><counter type="INSTRUCTION" missed="6" covered="0"/><counter type="LINE" missed="3" covered="0"/><counter type="COMPLEXITY" missed="1" covered="0"/><counter type="METHOD" missed="1" covered="0"/></method><method name="&lt;init&gt;" desc="(Ljava/lang/String;Ltn/esprit/spring/kaddem/entities/Niveau;)V" line="35"><counter type="INSTRUCTION" missed="9" covered="0"/><counter type="LINE" missed="4" covered="0"/><counter type="COMPLEXITY" missed="1" covered="0"/><counter type="METHOD" missed="1" covered="0"/></method><method name="&lt;init&gt;" desc="(Ljava/lang/Integer;Ljava/lang/String;Ltn/esprit/spring/kaddem/entities/Niveau;)V" line="41"><counter type="INSTRUCTION" missed="12" covered="0"/><counter type="LINE" missed="5" covered="0"/><counter type="COMPLEXITY" missed="1" covered="0"/><counter type="METHOD" missed="1" covered="0"/></method><method name="&lt;init&gt;" desc="(Ljava/lang/String;Ltn/esprit/spring/kaddem/entities/Niveau;Ljava/util/Set;Ltn/esprit/spring/kaddem/entities/DetailEquipe;)V" line="47"><counter type="INSTRUCTION" missed="15" covered="0"/><counter type="LINE" missed="6" covered="0"/><counter type="COMPLEXITY" missed="1" covered="0"/><counter type="METHOD" missed="1" covered="0"/></method><method name="&lt;init&gt;" desc="(Ljava/lang/Integer;Ljava/lang/String;Ltn/esprit/spring/kaddem/entities/Niveau;Ljava/util/Set;Ltn/esprit/spring/kaddem/entities/DetailEquipe;)V" line="54"><counter type="INSTRUCTION" missed="18" covered="0"/><counter type="LINE" missed="7" covered="0"/><counter type="COMPLEXITY" missed="1" covered="0"/><counter type="METHOD" missed="1" covered="0"/></method><method name="getEtudiants" desc="()Ljava/util/Set;" line="63"><counter type="INSTRUCTION" missed="3" covered="0"/><counter type="LINE" missed="1" covered="0"/><counter type="COMPLEXITY" missed="1" covered="0"/><counter type="METHOD" missed="1" covered="0"/></method><method name="setEtudiants" desc="(Ljava/util/Set;)V" line="67"><counter type="INSTRUCTION" missed="4" covered="0"/><counter type="LINE" missed="2" covered="0"/><counter type="COMPLEXITY" missed="1" covered="0"/><counter type="METHOD" missed="1" covered="0"/></method><method name="getDetailEquipe" desc="()Ltn/esprit/spring/kaddem/entities/DetailEquipe;" line="71"><counter type="INSTRUCTION" missed="3" covered="0"/><counter type="LINE" missed="1" covered="0"/><counter type="COMPLEXITY" missed="1" covered="0"/><counter type="METHOD" missed="1" covered="0"/></method><method name="setDetailEquipe" desc="(Ltn/esprit/spring/kaddem/entities/DetailEquipe;)V" line="75"><counter type="INSTRUCTION" missed="4" covered="0"/><counter type="LINE" missed="2" covered="0"/><counter type="COMPLEXITY" missed="1" covered="0"/><counter type="METHOD" missed="1" covered="0"/></method><method name="getIdEquipe" desc="()Ljava/lang/Integer;" line="79"><counter type="INSTRUCTION" missed="3" covered="0"/><counter type="LINE" missed="1" covered="0"/><counter type="COMPLEXITY" missed="1" covered="0"/><counter type="METHOD" missed="1" covered="0"/></method><method name="setIdEquipe" desc="(Ljava/lang/Integer;)V" line="82"><counter type="INSTRUCTION" missed="4" covered="0"/><counter type="LINE" missed="2" covered="0"/><counter type="COMPLEXITY" missed="1" covered="0"/><counter type="METHOD" missed="1" covered="0"/></method><method name="getNomEquipe" desc="()Ljava/lang/String;" line="85"><counter type="INSTRUCTION" missed="3" covered="0"/><counter type="LINE" missed="1" covered="0"/><counter type="COMPLEXITY" missed="1" covered="0"/><counter type="METHOD" missed="1" covered="0"/></method><method name="setNomEquipe" desc="(Ljava/lang/String;)V" line="88"><counter type="INSTRUCTION" missed="4" covered="0"/><counter type="LINE" missed="2" covered="0"/><counter type="COMPLEXITY" missed="1" covered="0"/><counter type="METHOD" missed="1" covered="0"/></method><method name="getNiveau" desc="()Ltn/esprit/spring/kaddem/entities/Niveau;" line="91"><counter type="INSTRUCTION" missed="3" covered="0"/><counter type="LINE" missed="1" covered="0"/><counter type="COMPLEXITY" missed="1" covered="0"/><counter type="METHOD" missed="1" covered="0"/></method><method name="setNiveau" desc="(Ltn/esprit/spring/kaddem/entities/Niveau;)V" line="94"><counter type="INSTRUCTION" missed="4" covered="0"/><counter type="LINE" missed="2" covered="0"/><counter type="COMPLEXITY" missed="1" covered="0"/><counter type="METHOD" missed="1" covered="0"/></method><counter type="INSTRUCTION" missed="98" covered="0"/><counter type="LINE" missed="42" covered="0"/><counter type="COMPLEXITY" missed="16" covered="0"/><counter type="METHOD" missed="16" covered="0"/><counter type="CLASS" missed="1" covered="0"/></class><class name="tn/esprit/spring/kaddem/entities/Departement" sourcefilename="Departement.java"><method name="&lt;init&gt;" desc="()V" line="19"><counter type="INSTRUCTION" missed="3" covered="0"/><counter type="LINE" missed="2" covered="0"/><counter type="COMPLEXITY" missed="1" covered="0"/><counter type="METHOD" missed="1" covered="0"/></method><method name="&lt;init&gt;" desc="(Ljava/lang/String;)V" line="24"><counter type="INSTRUCTION" missed="6" covered="0"/><counter type="LINE" missed="3" covered="0"/><counter type="COMPLEXITY" missed="1" covered="0"/><counter type="METHOD" missed="1" covered="0"/></method><method name="&lt;init&gt;" desc="(Ljava/lang/Integer;Ljava/lang/String;)V" line="29"><counter type="INSTRUCTION" missed="9" covered="0"/><counter type="LINE" missed="4" covered="0"/><counter type="COMPLEXITY" missed="1" covered="0"/><counter type="METHOD" missed="1" covered="0"/></method><method name="getEtudiants" desc="()Ljava/util/Set;" line="35"><counter type="INSTRUCTION" missed="3" covered="0"/><counter type="LINE" missed="1" covered="0"/><counter type="COMPLEXITY" missed="1" covered="0"/><counter type="METHOD" missed="1" covered="0"/></method><method name="setEtudiants" desc="(Ljava/util/Set;)V" line="39"><counter type="INSTRUCTION" missed="4" covered="0"/><counter type="LINE" missed="2" covered="0"/><counter type="COMPLEXITY" missed="1" covered="0"/><counter type="METHOD" missed="1" covered="0"/></method><method name="getIdDepart" desc="()Ljava/lang/Integer;" line="43"><counter type="INSTRUCTION" missed="3" covered="0"/><counter type="LINE" missed="1" covered="0"/><counter type="COMPLEXITY" missed="1" covered="0"/><counter type="METHOD" missed="1" covered="0"/></method><method name="setIdDepart" desc="(Ljava/lang/Integer;)V" line="46"><counter type="INSTRUCTION" missed="4" covered="0"/><counter type="LINE" missed="2" covered="0"/><counter type="COMPLEXITY" missed="1" covered="0"/><counter type="METHOD" missed="1" covered="0"/></method><method name="getNomDepart" desc="()Ljava/lang/String;" line="49"><counter type="INSTRUCTION" missed="3" covered="0"/><counter type="LINE" missed="1" covered="0"/><counter type="COMPLEXITY" missed="1" covered="0"/><counter type="METHOD" missed="1" covered="0"/></method><method name="setNomDepart" desc="(Ljava/lang/String;)V" line="52"><counter type="INSTRUCTION" missed="4" covered="0"/><counter type="LINE" missed="2" covered="0"/><counter type="COMPLEXITY" missed="1" covered="0"/><counter type="METHOD" missed="1" covered="0"/></method><counter type="INSTRUCTION" missed="39" covered="0"/><counter type="LINE" missed="18" covered="0"/><counter type="COMPLEXITY" missed="9" covered="0"/><counter type="METHOD" missed="9" covered="0"/><counter type="CLASS" missed="1" covered="0"/></class><class name="tn/esprit/spring/kaddem/entities/Etudiant" sourcefilename="Etudiant.java"><method name="&lt;init&gt;" desc="()V" line="35"><counter type="INSTRUCTION" missed="3" covered="0"/><counter type="LINE" missed="2" covered="0"/><counter type="COMPLEXITY" missed="1" covered="0"/><counter type="METHOD" missed="1" covered="0"/></method><method name="&lt;init&gt;" desc="(Ljava/lang/String;Ljava/lang/String;)V" line="39"><counter type="INSTRUCTION" missed="9" covered="0"/><counter type="LINE" missed="4" covered="0"/><counter type="COMPLEXITY" missed="1" covered="0"/><counter type="METHOD" missed="1" covered="0"/></method><method name="&lt;init&gt;" desc="(Ljava/lang/String;Ljava/lang/String;Ltn/esprit/spring/kaddem/entities/Option;)V" line="45"><counter type="INSTRUCTION" missed="12" covered="0"/><counter type="LINE" missed="5" covered="0"/><counter type="COMPLEXITY" missed="1" covered="0"/><counter type="METHOD" missed="1" covered="0"/></method><method name="&lt;init&gt;" desc="(Ljava/lang/Integer;Ljava/lang/String;Ljava/lang/String;Ltn/esprit/spring/kaddem/entities/Option;)V" line="52"><counter type="INSTRUCTION" missed="15" covered="0"/><counter type="LINE" missed="6" covered="0"/><counter type="COMPLEXITY" missed="1" covered="0"/><counter type="METHOD" missed="1" covered="0"/></method><method name="getContrats" desc="()Ljava/util/Set;" line="60"><counter type="INSTRUCTION" missed="3" covered="0"/><counter type="LINE" missed="1" covered="0"/><counter type="COMPLEXITY" missed="1" covered="0"/><counter type="METHOD" missed="1" covered="0"/></method><method name="setContrats" desc="(Ljava/util/Set;)V" line="64"><counter type="INSTRUCTION" missed="4" covered="0"/><counter type="LINE" missed="2" covered="0"/><counter type="COMPLEXITY" missed="1" covered="0"/><counter type="METHOD" missed="1" covered="0"/></method><method name="getDepartement" desc="()Ltn/esprit/spring/kaddem/entities/Departement;" line="68"><counter type="INSTRUCTION" missed="3" covered="0"/><counter type="LINE" missed="1" covered="0"/><counter type="COMPLEXITY" missed="1" covered="0"/><counter type="METHOD" missed="1" covered="0"/></method><method name="setDepartement" desc="(Ltn/esprit/spring/kaddem/entities/Departement;)V" line="72"><counter type="INSTRUCTION" missed="4" covered="0"/><counter type="LINE" missed="2" covered="0"/><counter type="COMPLEXITY" missed="1" covered="0"/><counter type="METHOD" missed="1" covered="0"/></method><method name="getEquipes" desc="()Ljava/util/List;" line="76"><counter type="INSTRUCTION" missed="3" covered="0"/><counter type="LINE" missed="1" covered="0"/><counter type="COMPLEXITY" missed="1" covered="0"/><counter type="METHOD" missed="1" covered="0"/></method><method name="setEquipes" desc="(Ljava/util/List;)V" line="80"><counter type="INSTRUCTION" missed="4" covered="0"/><counter type="LINE" missed="2" covered="0"/><counter type="COMPLEXITY" missed="1" covered="0"/><counter type="METHOD" missed="1" covered="0"/></method><method name="getIdEtudiant" desc="()Ljava/lang/Integer;" line="84"><counter type="INSTRUCTION" missed="3" covered="0"/><counter type="LINE" missed="1" covered="0"/><counter type="COMPLEXITY" missed="1" covered="0"/><counter type="METHOD" missed="1" covered="0"/></method><method name="setIdEtudiant" desc="(Ljava/lang/Integer;)V" line="87"><counter type="INSTRUCTION" missed="4" covered="0"/><counter type="LINE" missed="2" covered="0"/><counter type="COMPLEXITY" missed="1" covered="0"/><counter type="METHOD" missed="1" covered="0"/></method><method name="getNomE" desc="()Ljava/lang/String;" line="90"><counter type="INSTRUCTION" missed="3" covered="0"/><counter type="LINE" missed="1" covered="0"/><counter type="COMPLEXITY" missed="1" covered="0"/><counter type="METHOD" missed="1" covered="0"/></method><method name="setNomE" desc="(Ljava/lang/String;)V" line="93"><counter type="INSTRUCTION" missed="4" covered="0"/><counter type="LINE" missed="2" covered="0"/><counter type="COMPLEXITY" missed="1" covered="0"/><counter type="METHOD" missed="1" covered="0"/></method><method name="getPrenomE" desc="()Ljava/lang/String;" line="96"><counter type="INSTRUCTION" missed="3" covered="0"/><counter type="LINE" missed="1" covered="0"/><counter type="COMPLEXITY" missed="1" covered="0"/><counter type="METHOD" missed="1" covered="0"/></method><method name="setPrenomE" desc="(Ljava/lang/String;)V" line="99"><counter type="INSTRUCTION" missed="4" covered="0"/><counter type="LINE" missed="2" covered="0"/><counter type="COMPLEXITY" missed="1" covered="0"/><counter type="METHOD" missed="1" covered="0"/></method><method name="getOp" desc="()Ltn/esprit/spring/kaddem/entities/Option;" line="102"><counter type="INSTRUCTION" missed="3" covered="0"/><counter type="LINE" missed="1" covered="0"/><counter type="COMPLEXITY" missed="1" covered="0"/><counter type="METHOD" missed="1" covered="0"/></method><method name="setOp" desc="(Ltn/esprit/spring/kaddem/entities/Option;)V" line="105"><counter type="INSTRUCTION" missed="4" covered="0"/><counter type="LINE" missed="2" covered="0"/><counter type="COMPLEXITY" missed="1" covered="0"/><counter type="METHOD" missed="1" covered="0"/></method><counter type="INSTRUCTION" missed="88" covered="0"/><counter type="LINE" missed="38" covered="0"/><counter type="COMPLEXITY" missed="18" covered="0"/><counter type="METHOD" missed="18" covered="0"/><counter type="CLASS" missed="1" covered="0"/></class><class name="tn/esprit/spring/kaddem/entities/Specialite" sourcefilename="Specialite.java"><method name="&lt;clinit&gt;" desc="()V" line="3"><counter type="INSTRUCTION" missed="44" covered="0"/><counter type="LINE" missed="2" covered="0"/><counter type="COMPLEXITY" missed="1" covered="0"/><counter type="METHOD" missed="1" covered="0"/></method><counter type="INSTRUCTION" missed="44" covered="0"/><counter type="LINE" missed="2" covered="0"/><counter type="COMPLEXITY" missed="1" covered="0"/><counter type="METHOD" missed="1" covered="0"/><counter type="CLASS" missed="1" covered="0"/></class><sourcefile name="Specialite.java"><line nr="3" mi="20" ci="0" mb="0" cb="0"/><line nr="4" mi="24" ci="0" mb="0" cb="0"/><counter type="INSTRUCTION" missed="44" covered="0"/><counter type="LINE" missed="2" covered="0"/><counter type="COMPLEXITY" missed="1" covered="0"/><counter type="METHOD" missed="1" covered="0"/><counter type="CLASS" missed="1" covered="0"/></sourcefile><sourcefile name="Departement.java"><line nr="19" mi="2" ci="0" mb="0" cb="0"/><line nr="21" mi="1" ci="0" mb="0" cb="0"/><line nr="24" mi="2" ci="0" mb="0" cb="0"/><line nr="25" mi="3" ci="0" mb="0" cb="0"/><line nr="26" mi="1" ci="0" mb="0" cb="0"/><line nr="29" mi="2" ci="0" mb="0" cb="0"/><line nr="30" mi="3" ci="0" mb="0" cb="0"/><line nr="31" mi="3" ci="0" mb="0" cb="0"/><line nr="32" mi="1" ci="0" mb="0" cb="0"/><line nr="35" mi="3" ci="0" mb="0" cb="0"/><line nr="39" mi="3" ci="0" mb="0" cb="0"/><line nr="40" mi="1" ci="0" mb="0" cb="0"/><line nr="43" mi="3" ci="0" mb="0" cb="0"/><line nr="46" mi="3" ci="0" mb="0" cb="0"/><line nr="47" mi="1" ci="0" mb="0" cb="0"/><line nr="49" mi="3" ci="0" mb="0" cb="0"/><line nr="52" mi="3" ci="0" mb="0" cb="0"/><line nr="53" mi="1" ci="0" mb="0" cb="0"/><counter type="INSTRUCTION" missed="39" covered="0"/><counter type="LINE" missed="18" covered="0"/><counter type="COMPLEXITY" missed="9" covered="0"/><counter type="METHOD" missed="9" covered="0"/><counter type="CLASS" missed="1" covered="0"/></sourcefile><sourcefile name="Universite.java"><line nr="19" mi="2" ci="0" mb="0" cb="0"/><line nr="21" mi="1" ci="0" mb="0" cb="0"/><line nr="24" mi="2" ci="0" mb="0" cb="0"/><line nr="25" mi="3" ci="0" mb="0" cb="0"/><line nr="26" mi="1" ci="0" mb="0" cb="0"/><line nr="29" mi="2" ci="0" mb="0" cb="0"/><line nr="30" mi="3" ci="0" mb="0" cb="0"/><line nr="31" mi="3" ci="0" mb="0" cb="0"/><line nr="32" mi="1" ci="0" mb="0" cb="0"/><line nr="35" mi="3" ci="0" mb="0" cb="0"/><line nr="39" mi="3" ci="0" mb="0" cb="0"/><line nr="40" mi="1" ci="0" mb="0" cb="0"/><line nr="43" mi="3" ci="0" mb="0" cb="0"/><line nr="46" mi="3" ci="0" mb="0" cb="0"/><line nr="47" mi="1" ci="0" mb="0" cb="0"/><line nr="49" mi="3" ci="0" mb="0" cb="0"/><line nr="52" mi="3" ci="0" mb="0" cb="0"/><line nr="53" mi="1" ci="0" mb="0" cb="0"/><counter type="INSTRUCTION" missed="39" covered="0"/><counter type="LINE" missed="18" covered="0"/><counter type="COMPLEXITY" missed="9" covered="0"/><counter type="METHOD" missed="9" covered="0"/><counter type="CLASS" missed="1" covered="0"/></sourcefile><sourcefile name="DetailEquipe.java"><line nr="16" mi="2" ci="0" mb="0" cb="0"/><line nr="18" mi="1" ci="0" mb="0" cb="0"/><line nr="21" mi="2" ci="0" mb="0" cb="0"/><line nr="22" mi="3" ci="0" mb="0" cb="0"/><line nr="23" mi="3" ci="0" mb="0" cb="0"/><line nr="24" mi="1" ci="0" mb="0" cb="0"/><line nr="27" mi="2" ci="0" mb="0" cb="0"/><line nr="28" mi="3" ci="0" mb="0" cb="0"/><line nr="29" mi="3" ci="0" mb="0" cb="0"/><line nr="30" mi="3" ci="0" mb="0" cb="0"/><line nr="31" mi="1" ci="0" mb="0" cb="0"/><line nr="34" mi="3" ci="0" mb="0" cb="0"/><line nr="38" mi="3" ci="0" mb="0" cb="0"/><line nr="39" mi="1" ci="0" mb="0" cb="0"/><line nr="42" mi="3" ci="0" mb="0" cb="0"/><line nr="45" mi="3" ci="0" mb="0" cb="0"/><line nr="46" mi="1" ci="0" mb="0" cb="0"/><line nr="48" mi="3" ci="0" mb="0" cb="0"/><line nr="51" mi="3" ci="0" mb="0" cb="0"/><line nr="52" mi="1" ci="0" mb="0" cb="0"/><line nr="54" mi="3" ci="0" mb="0" cb="0"/><line nr="57" mi="3" ci="0" mb="0" cb="0"/><line nr="58" mi="1" ci="0" mb="0" cb="0"/><counter type="INSTRUCTION" missed="52" covered="0"/><counter type="LINE" missed="23" covered="0"/><counter type="COMPLEXITY" missed="11" covered="0"/><counter type="METHOD" missed="11" covered="0"/><counter type="CLASS" missed="1" covered="0"/></sourcefile><sourcefile name="Option.java"><line nr="3" mi="20" ci="0" mb="0" cb="0"/><line nr="4" mi="24" ci="0" mb="0" cb="0"/><counter type="INSTRUCTION" missed="44" covered="0"/><counter type="LINE" missed="2" covered="0"/><counter type="COMPLEXITY" missed="1" covered="0"/><counter type="METHOD" missed="1" covered="0"/><counter type="CLASS" missed="1" covered="0"/></sourcefile><sourcefile name="Niveau.java"><line nr="3" mi="16" ci="0" mb="0" cb="0"/><line nr="4" mi="18" ci="0" mb="0" cb="0"/><counter type="INSTRUCTION" missed="34" covered="0"/><counter type="LINE" missed="2" covered="0"/><counter type="COMPLEXITY" missed="1" covered="0"/><counter type="METHOD" missed="1" covered="0"/><counter type="CLASS" missed="1" covered="0"/></sourcefile><sourcefile name="Equipe.java"><line nr="26" mi="2" ci="0" mb="0" cb="0"/><line nr="28" mi="1" ci="0" mb="0" cb="0"/><line nr="30" mi="2" ci="0" mb="0" cb="0"/><line nr="31" mi="3" ci="0" mb="0" cb="0"/><line nr="32" mi="1" ci="0" mb="0" cb="0"/><line nr="35" mi="2" ci="0" mb="0" cb="0"/><line nr="36" mi="3" ci="0" mb="0" cb="0"/><line nr="37" mi="3" ci="0" mb="0" cb="0"/><line nr="38" mi="1" ci="0" mb="0" cb="0"/><line nr="41" mi="2" ci="0" mb="0" cb="0"/><line nr="42" mi="3" ci="0" mb="0" cb="0"/><line nr="43" mi="3" ci="0" mb="0" cb="0"/><line nr="44" mi="3" ci="0" mb="0" cb="0"/><line nr="45" mi="1" ci="0" mb="0" cb="0"/><line nr="47" mi="2" ci="0" mb="0" cb="0"/><line nr="48" mi="3" ci="0" mb="0" cb="0"/><line nr="49" mi="3" ci="0" mb="0" cb="0"/><line nr="50" mi="3" ci="0" mb="0" cb="0"/><line nr="51" mi="3" ci="0" mb="0" cb="0"/><line nr="52" mi="1" ci="0" mb="0" cb="0"/><line nr="54" mi="2" ci="0" mb="0" cb="0"/><line nr="55" mi="3" ci="0" mb="0" cb="0"/><line nr="56" mi="3" ci="0" mb="0" cb="0"/><line nr="57" mi="3" ci="0" mb="0" cb="0"/><line nr="58" mi="3" ci="0" mb="0" cb="0"/><line nr="59" mi="3" ci="0" mb="0" cb="0"/><line nr="60" mi="1" ci="0" mb="0" cb="0"/><line nr="63" mi="3" ci="0" mb="0" cb="0"/><line nr="67" mi="3" ci="0" mb="0" cb="0"/><line nr="68" mi="1" ci="0" mb="0" cb="0"/><line nr="71" mi="3" ci="0" mb="0" cb="0"/><line nr="75" mi="3" ci="0" mb="0" cb="0"/><line nr="76" mi="1" ci="0" mb="0" cb="0"/><line nr="79" mi="3" ci="0" mb="0" cb="0"/><line nr="82" mi="3" ci="0" mb="0" cb="0"/><line nr="83" mi="1" ci="0" mb="0" cb="0"/><line nr="85" mi="3" ci="0" mb="0" cb="0"/><line nr="88" mi="3" ci="0" mb="0" cb="0"/><line nr="89" mi="1" ci="0" mb="0" cb="0"/><line nr="91" mi="3" ci="0" mb="0" cb="0"/><line nr="94" mi="3" ci="0" mb="0" cb="0"/><line nr="95" mi="1" ci="0" mb="0" cb="0"/><counter type="INSTRUCTION" missed="98" covered="0"/><counter type="LINE" missed="42" covered="0"/><counter type="COMPLEXITY" missed="16" covered="0"/><counter type="METHOD" missed="16" covered="0"/><counter type="CLASS" missed="1" covered="0"/></sourcefile><sourcefile name="Etudiant.java"><line nr="35" mi="2" ci="0" mb="0" cb="0"/><line nr="37" mi="1" ci="0" mb="0" cb="0"/><line nr="39" mi="2" ci="0" mb="0" cb="0"/><line nr="40" mi="3" ci="0" mb="0" cb="0"/><line nr="41" mi="3" ci="0" mb="0" cb="0"/><line nr="42" mi="1" ci="0" mb="0" cb="0"/><line nr="45" mi="2" ci="0" mb="0" cb="0"/><line nr="46" mi="3" ci="0" mb="0" cb="0"/><line nr="47" mi="3" ci="0" mb="0" cb="0"/><line nr="48" mi="3" ci="0" mb="0" cb="0"/><line nr="49" mi="1" ci="0" mb="0" cb="0"/><line nr="52" mi="2" ci="0" mb="0" cb="0"/><line nr="53" mi="3" ci="0" mb="0" cb="0"/><line nr="54" mi="3" ci="0" mb="0" cb="0"/><line nr="55" mi="3" ci="0" mb="0" cb="0"/><line nr="56" mi="3" ci="0" mb="0" cb="0"/><line nr="57" mi="1" ci="0" mb="0" cb="0"/><line nr="60" mi="3" ci="0" mb="0" cb="0"/><line nr="64" mi="3" ci="0" mb="0" cb="0"/><line nr="65" mi="1" ci="0" mb="0" cb="0"/><line nr="68" mi="3" ci="0" mb="0" cb="0"/><line nr="72" mi="3" ci="0" mb="0" cb="0"/><line nr="73" mi="1" ci="0" mb="0" cb="0"/><line nr="76" mi="3" ci="0" mb="0" cb="0"/><line nr="80" mi="3" ci="0" mb="0" cb="0"/><line nr="81" mi="1" ci="0" mb="0" cb="0"/><line nr="84" mi="3" ci="0" mb="0" cb="0"/><line nr="87" mi="3" ci="0" mb="0" cb="0"/><line nr="88" mi="1" ci="0" mb="0" cb="0"/><line nr="90" mi="3" ci="0" mb="0" cb="0"/><line nr="93" mi="3" ci="0" mb="0" cb="0"/><line nr="94" mi="1" ci="0" mb="0" cb="0"/><line nr="96" mi="3" ci="0" mb="0" cb="0"/><line nr="99" mi="3" ci="0" mb="0" cb="0"/><line nr="100" mi="1" ci="0" mb="0" cb="0"/><line nr="102" mi="3" ci="0" mb="0" cb="0"/><line nr="105" mi="3" ci="0" mb="0" cb="0"/><line nr="106" mi="1" ci="0" mb="0" cb="0"/><counter type="INSTRUCTION" missed="88" covered="0"/><counter type="LINE" missed="38" covered="0"/><counter type="COMPLEXITY" missed="18" covered="0"/><counter type="METHOD" missed="18" covered="0"/><counter type="CLASS" missed="1" covered="0"/></sourcefile><sourcefile name="Contrat.java"><line nr="11" mi="42" ci="0" mb="0" cb="0"/><line nr="27" mi="2" ci="0" mb="0" cb="0"/><line nr="29" mi="1" ci="0" mb="0" cb="0"/><line nr="33" mi="2" ci="0" mb="0" cb="0"/><line nr="34" mi="3" ci="0" mb="0" cb="0"/><line nr="35" mi="3" ci="0" mb="0" cb="0"/><line nr="36" mi="3" ci="0" mb="0" cb="0"/><line nr="37" mi="3" ci="0" mb="0" cb="0"/><line nr="38" mi="3" ci="0" mb="0" cb="0"/><line nr="39" mi="1" ci="0" mb="0" cb="0"/><line nr="43" mi="2" ci="0" mb="0" cb="0"/><line nr="44" mi="3" ci="0" mb="0" cb="0"/><line nr="45" mi="3" ci="0" mb="0" cb="0"/><line nr="46" mi="3" ci="0" mb="0" cb="0"/><line nr="47" mi="3" ci="0" mb="0" cb="0"/><line nr="48" mi="3" ci="0" mb="0" cb="0"/><line nr="49" mi="3" ci="0" mb="0" cb="0"/><line nr="50" mi="1" ci="0" mb="0" cb="0"/><line nr="53" mi="3" ci="0" mb="0" cb="0"/><line nr="56" mi="3" ci="0" mb="0" cb="0"/><line nr="57" mi="1" ci="0" mb="0" cb="0"/><line nr="59" mi="3" ci="0" mb="0" cb="0"/><line nr="62" mi="3" ci="0" mb="0" cb="0"/><line nr="63" mi="1" ci="0" mb="0" cb="0"/><line nr="65" mi="3" ci="0" mb="0" cb="0"/><line nr="68" mi="3" ci="0" mb="0" cb="0"/><line nr="69" mi="1" ci="0" mb="0" cb="0"/><line nr="71" mi="3" ci="0" mb="0" cb="0"/><line nr="74" mi="3" ci="0" mb="0" cb="0"/><line nr="75" mi="1" ci="0" mb="0" cb="0"/><line nr="77" mi="3" ci="0" mb="0" cb="0"/><line nr="80" mi="3" ci="0" mb="0" cb="0"/><line nr="81" mi="1" ci="0" mb="0" cb="0"/><line nr="83" mi="3" ci="0" mb="0" cb="0"/><line nr="86" mi="3" ci="0" mb="0" cb="0"/><line nr="87" mi="1" ci="0" mb="0" cb="0"/><line nr="90" mi="3" ci="0" mb="0" cb="0"/><line nr="94" mi="3" ci="0" mb="0" cb="0"/><line nr="95" mi="1" ci="0" mb="0" cb="0"/><counter type="INSTRUCTION" missed="133" covered="0"/><counter type="LINE" missed="39" covered="0"/><counter type="COMPLEXITY" missed="18" covered="0"/><counter type="METHOD" missed="18" covered="0"/><counter type="CLASS" missed="1" covered="0"/></sourcefile><counter type="INSTRUCTION" missed="571" covered="0"/><counter type="LINE" missed="184" covered="0"/><counter type="COMPLEXITY" missed="84" covered="0"/><counter type="METHOD" missed="84" covered="0"/><counter type="CLASS" missed="9" covered="0"/></package><package name="tn/esprit/spring/kaddem/services"><class name="tn/esprit/spring/kaddem/services/IEquipeService" sourcefilename="IEquipeService.java"/><class name="tn/esprit/spring/kaddem/services/EquipeServiceImpl" sourcefilename="EquipeServiceImpl.java"><method name="retrieveAllEquipes" desc="()Ljava/util/List;" line="25"><counter type="INSTRUCTION" missed="5" covered="0"/><counter type="LINE" missed="1" covered="0"/><counter type="COMPLEXITY" missed="1" covered="0"/><counter type="METHOD" missed="1" covered="0"/></method><method name="addEquipe" desc="(Ltn/esprit/spring/kaddem/entities/Equipe;)Ltn/esprit/spring/kaddem/entities/Equipe;" line="28"><counter type="INSTRUCTION" missed="6" covered="0"/><counter type="LINE" missed="1" covered="0"/><counter type="COMPLEXITY" missed="1" covered="0"/><counter type="METHOD" missed="1" covered="0"/></method><method name="deleteEquipe" desc="(Ljava/lang/Integer;)V" line="32"><counter type="INSTRUCTION" missed="9" covered="0"/><counter type="LINE" missed="3" covered="0"/><counter type="COMPLEXITY" missed="1" covered="0"/><counter type="METHOD" missed="1" covered="0"/></method><method name="retrieveEquipe" desc="(Ljava/lang/Integer;)Ltn/esprit/spring/kaddem/entities/Equipe;" line="37"><counter type="INSTRUCTION" missed="7" covered="0"/><counter type="LINE" missed="1" covered="0"/><counter type="COMPLEXITY" missed="1" covered="0"/><counter type="METHOD" missed="1" covered="0"/></method><method name="updateEquipe" desc="(Ltn/esprit/spring/kaddem/entities/Equipe;)Ltn/esprit/spring/kaddem/entities/Equipe;" line="41"><counter type="INSTRUCTION" missed="6" covered="0"/><counter type="LINE" missed="1" covered="0"/><counter type="COMPLEXITY" missed="1" covered="0"/><counter type="METHOD" missed="1" covered="0"/></method><method name="evoluerEquipes" desc="()V" line="45"><counter type="INSTRUCTION" missed="132" covered="0"/><counter type="BRANCH" missed="22" covered="0"/><counter type="LINE" missed="28" covered="0"/><counter type="COMPLEXITY" missed="12" covered="0"/><counter type="METHOD" missed="1" covered="0"/></method><method name="&lt;init&gt;" desc="(Ltn/esprit/spring/kaddem/repositories/EquipeRepository;)V" line="18"><counter type="INSTRUCTION" missed="6" covered="0"/><counter type="LINE" missed="1" covered="0"/><counter type="COMPLEXITY" missed="1" covered="0"/><counter type="METHOD" missed="1" covered="0"/></method><method name="&lt;clinit&gt;" desc="()V" line="17"><counter type="INSTRUCTION" missed="4" covered="0"/><counter type="LINE" missed="1" covered="0"/><counter type="COMPLEXITY" missed="1" covered="0"/><counter type="METHOD" missed="1" covered="0"/></method><counter type="INSTRUCTION" missed="175" covered="0"/><counter type="BRANCH" missed="22" covered="0"/><counter type="LINE" missed="37" covered="0"/><counter type="COMPLEXITY" missed="19" covered="0"/><counter type="METHOD" missed="8" covered="0"/><counter type="CLASS" missed="1" covered="0"/></class><class name="tn/esprit/spring/kaddem/services/ContratServiceImpl" sourcefilename="ContratServiceImpl.java"><method name="&lt;init&gt;" desc="()V" line="19"><counter type="INSTRUCTION" missed="3" covered="0"/><counter type="LINE" missed="1" covered="0"/><counter type="COMPLEXITY" missed="1" covered="0"/><counter type="METHOD" missed="1" covered="0"/></method><method name="retrieveAllContrats" desc="()Ljava/util/List;" line="25"><counter type="INSTRUCTION" missed="4" covered="0"/><counter type="LINE" missed="1" covered="0"/><counter type="COMPLEXITY" missed="1" covered="0"/><counter type="METHOD" missed="1" covered="0"/></method><method name="updateContrat" desc="(Ltn/esprit/spring/kaddem/entities/Contrat;)Ltn/esprit/spring/kaddem/entities/Contrat;" line="29"><counter type="INSTRUCTION" missed="6" covered="0"/><counter type="LINE" missed="1" covered="0"/><counter type="COMPLEXITY" missed="1" covered="0"/><counter type="METHOD" missed="1" covered="0"/></method><method name="addContrat" desc="(Ltn/esprit/spring/kaddem/entities/Contrat;)Ltn/esprit/spring/kaddem/entities/Contrat;" line="33"><counter type="INSTRUCTION" missed="6" covered="0"/><counter type="LINE" missed="1" covered="0"/><counter type="COMPLEXITY" missed="1" covered="0"/><counter type="METHOD" missed="1" covered="0"/></method><method name="retrieveContrat" desc="(Ljava/lang/Integer;)Ltn/esprit/spring/kaddem/entities/Contrat;" line="37"><counter type="INSTRUCTION" missed="8" covered="0"/><counter type="LINE" missed="1" covered="0"/><counter type="COMPLEXITY" missed="1" covered="0"/><counter type="METHOD" missed="1" covered="0"/></method><method name="removeContrat" desc="(Ljava/lang/Integer;)V" line="41"><counter type="INSTRUCTION" missed="9" covered="0"/><counter type="LINE" missed="3" covered="0"/><counter type="COMPLEXITY" missed="1" covered="0"/><counter type="METHOD" missed="1" covered="0"/></method><method name="affectContratToEtudiant" desc="(Ljava/lang/Integer;Ljava/lang/String;Ljava/lang/String;)Ltn/esprit/spring/kaddem/entities/Contrat;" line="48"><counter type="INSTRUCTION" missed="64" covered="0"/><counter type="BRANCH" missed="10" covered="0"/><counter type="LINE" missed="13" covered="0"/><counter type="COMPLEXITY" missed="6" covered="0"/><counter type="METHOD" missed="1" covered="0"/></method><method name="nbContratsValides" desc="(Ljava/util/Date;Ljava/util/Date;)Ljava/lang/Integer;" line="65"><counter type="INSTRUCTION" missed="6" covered="0"/><counter type="LINE" missed="1" covered="0"/><counter type="COMPLEXITY" missed="1" covered="0"/><counter type="METHOD" missed="1" covered="0"/></method><method name="retrieveAndUpdateStatusContrat" desc="()V" line="69"><counter type="INSTRUCTION" missed="76" covered="0"/><counter type="BRANCH" missed="8" covered="0"/><counter type="LINE" missed="17" covered="0"/><counter type="COMPLEXITY" missed="5" covered="0"/><counter type="METHOD" missed="1" covered="0"/></method><method name="getChiffreAffaireEntreDeuxDates" desc="(Ljava/util/Date;Ljava/util/Date;)F" line="90"><counter type="INSTRUCTION" missed="75" covered="0"/><counter type="BRANCH" missed="8" covered="0"/><counter type="LINE" missed="15" covered="0"/><counter type="COMPLEXITY" missed="5" covered="0"/><counter type="METHOD" missed="1" covered="0"/></method><method name="&lt;clinit&gt;" desc="()V" line="17"><counter type="INSTRUCTION" missed="4" covered="0"/><counter type="LINE" missed="1" covered="0"/><counter type="COMPLEXITY" missed="1" covered="0"/><counter type="METHOD" missed="1" covered="0"/></method><counter type="INSTRUCTION" missed="261" covered="0"/><counter type="BRANCH" missed="26" covered="0"/><counter type="LINE" missed="55" covered="0"/><counter type="COMPLEXITY" missed="24" covered="0"/><counter type="METHOD" missed="11" covered="0"/><counter type="CLASS" missed="1" covered="0"/></class><class name="tn/esprit/spring/kaddem/services/IEtudiantService" sourcefilename="IEtudiantService.java"/><class name="tn/esprit/spring/kaddem/services/UniversiteServiceImpl" sourcefilename="UniversiteServiceImpl.java"><method name="&lt;init&gt;" desc="()V" line="19"><counter type="INSTRUCTION" missed="3" covered="0"/><counter type="LINE" missed="2" covered="0"/><counter type="COMPLEXITY" missed="1" covered="0"/><counter type="METHOD" missed="1" covered="0"/></method><method name="retrieveAllUniversites" desc="()Ljava/util/List;" line="23"><counter type="INSTRUCTION" missed="5" covered="0"/><counter type="LINE" missed="1" covered="0"/><counter type="COMPLEXITY" missed="1" covered="0"/><counter type="METHOD" missed="1" covered="0"/></method><method name="addUniversite" desc="(Ltn/esprit/spring/kaddem/entities/Universite;)Ltn/esprit/spring/kaddem/entities/Universite;" line="27"><counter type="INSTRUCTION" missed="6" covered="0"/><counter type="LINE" missed="1" covered="0"/><counter type="COMPLEXITY" missed="1" covered="0"/><counter type="METHOD" missed="1" covered="0"/></method><method name="updateUniversite" desc="(Ltn/esprit/spring/kaddem/entities/Universite;)Ltn/esprit/spring/kaddem/entities/Universite;" line="31"><counter type="INSTRUCTION" missed="6" covered="0"/><counter type="LINE" missed="1" covered="0"/><counter type="COMPLEXITY" missed="1" covered="0"/><counter type="METHOD" missed="1" covered="0"/></method><method name="retrieveUniversite" desc="(Ljava/lang/Integer;)Ltn/esprit/spring/kaddem/entities/Universite;" line="35"><counter type="INSTRUCTION" missed="9" covered="0"/><counter type="LINE" missed="2" covered="0"/><counter type="COMPLEXITY" missed="1" covered="0"/><counter type="METHOD" missed="1" covered="0"/></method><method name="deleteUniversite" desc="(Ljava/lang/Integer;)V" line="39"><counter type="INSTRUCTION" missed="7" covered="0"/><counter type="LINE" missed="2" covered="0"/><counter type="COMPLEXITY" missed="1" covered="0"/><counter type="METHOD" missed="1" covered="0"/></method><method name="assignUniversiteToDepartement" desc="(Ljava/lang/Integer;Ljava/lang/Integer;)V" line="43"><counter type="INSTRUCTION" missed="27" covered="0"/><counter type="LINE" missed="5" covered="0"/><counter type="COMPLEXITY" missed="1" covered="0"/><counter type="METHOD" missed="1" covered="0"/></method><method name="retrieveDepartementsByUniversite" desc="(Ljava/lang/Integer;)Ljava/util/Set;" line="50"><counter type="INSTRUCTION" missed="11" covered="0"/><counter type="LINE" missed="2" covered="0"/><counter type="COMPLEXITY" missed="1" covered="0"/><counter type="METHOD" missed="1" covered="0"/></method><counter type="INSTRUCTION" missed="74" covered="0"/><counter type="LINE" missed="16" covered="0"/><counter type="COMPLEXITY" missed="8" covered="0"/><counter type="METHOD" missed="8" covered="0"/><counter type="CLASS" missed="1" covered="0"/></class><class name="tn/esprit/spring/kaddem/services/EtudiantServiceImpl" sourcefilename="EtudiantServiceImpl.java"><method name="&lt;init&gt;" desc="()V" line="23"><counter type="INSTRUCTION" missed="3" covered="0"/><counter type="LINE" missed="1" covered="0"/><counter type="COMPLEXITY" missed="1" covered="0"/><counter type="METHOD" missed="1" covered="0"/></method><method name="retrieveAllEtudiants" desc="()Ljava/util/List;" line="33"><counter type="INSTRUCTION" missed="5" covered="0"/><counter type="LINE" missed="1" covered="0"/><counter type="COMPLEXITY" missed="1" covered="0"/><counter type="METHOD" missed="1" covered="0"/></method><method name="addEtudiant" desc="(Ltn/esprit/spring/kaddem/entities/Etudiant;)Ltn/esprit/spring/kaddem/entities/Etudiant;" line="37"><counter type="INSTRUCTION" missed="6" covered="0"/><counter type="LINE" missed="1" covered="0"/><counter type="COMPLEXITY" missed="1" covered="0"/><counter type="METHOD" missed="1" covered="0"/></method><method name="updateEtudiant" desc="(Ltn/esprit/spring/kaddem/entities/Etudiant;)Ltn/esprit/spring/kaddem/entities/Etudiant;" line="41"><counter type="INSTRUCTION" missed="6" covered="0"/><counter type="LINE" missed="1" covered="0"/><counter type="COMPLEXITY" missed="1" covered="0"/><counter type="METHOD" missed="1" covered="0"/></method><method name="retrieveEtudiant" desc="(Ljava/lang/Integer;)Ltn/esprit/spring/kaddem/entities/Etudiant;" line="45"><counter type="INSTRUCTION" missed="7" covered="0"/><counter type="LINE" missed="1" covered="0"/><counter type="COMPLEXITY" missed="1" covered="0"/><counter type="METHOD" missed="1" covered="0"/></method><method name="removeEtudiant" desc="(Ljava/lang/Integer;)V" line="49"><counter type="INSTRUCTION" missed="9" covered="0"/><counter type="LINE" missed="3" covered="0"/><counter type="COMPLEXITY" missed="1" covered="0"/><counter type="METHOD" missed="1" covered="0"/></method><method name="assignEtudiantToDepartement" desc="(Ljava/lang/Integer;Ljava/lang/Integer;)V" line="54"><counter type="INSTRUCTION" missed="25" covered="0"/><counter type="LINE" missed="5" covered="0"/><counter type="COMPLEXITY" missed="1" covered="0"/><counter type="METHOD" missed="1" covered="0"/></method><method name="addAndAssignEtudiantToEquipeAndContract" desc="(Ltn/esprit/spring/kaddem/entities/Etudiant;Ljava/lang/Integer;Ljava/lang/Integer;)Ltn/esprit/spring/kaddem/entities/Etudiant;" line="61"><counter type="INSTRUCTION" missed="26" covered="0"/><counter type="LINE" missed="5" covered="0"/><counter type="COMPLEXITY" missed="1" covered="0"/><counter type="METHOD" missed="1" covered="0"/></method><method name="getEtudiantsByDepartement" desc="(Ljava/lang/Integer;)Ljava/util/List;" line="69"><counter type="INSTRUCTION" missed="5" covered="0"/><counter type="LINE" missed="1" covered="0"/><counter type="COMPLEXITY" missed="1" covered="0"/><counter type="METHOD" missed="1" covered="0"/></method><method name="&lt;clinit&gt;" desc="()V" line="22"><counter type="INSTRUCTION" missed="4" covered="0"/><counter type="LINE" missed="1" covered="0"/><counter type="COMPLEXITY" missed="1" covered="0"/><counter type="METHOD" missed="1" covered="0"/></method><counter type="INSTRUCTION" missed="96" covered="0"/><counter type="LINE" missed="20" covered="0"/><counter type="COMPLEXITY" missed="10" covered="0"/><counter type="METHOD" missed="10" covered="0"/><counter type="CLASS" missed="1" covered="0"/></class><class name="tn/esprit/spring/kaddem/services/IUniversiteService" sourcefilename="IUniversiteService.java"/><class name="tn/esprit/spring/kaddem/services/IDepartementService" sourcefilename="IDepartementService.java"/><class name="tn/esprit/spring/kaddem/services/DepartementServiceImpl" sourcefilename="DepartementServiceImpl.java"><method name="&lt;init&gt;" desc="()V" line="17"><counter type="INSTRUCTION" missed="3" covered="0"/><counter type="LINE" missed="1" covered="0"/><counter type="COMPLEXITY" missed="1" covered="0"/><counter type="METHOD" missed="1" covered="0"/></method><method name="retrieveAllDepartements" desc="()Ljava/util/List;" line="21"><counter type="INSTRUCTION" missed="5" covered="0"/><counter type="LINE" missed="1" covered="0"/><counter type="COMPLEXITY" missed="1" covered="0"/><counter type="METHOD" missed="1" covered="0"/></method><method name="addDepartement" desc="(Ltn/esprit/spring/kaddem/entities/Departement;)Ltn/esprit/spring/kaddem/entities/Departement;" line="25"><counter type="INSTRUCTION" missed="6" covered="0"/><counter type="LINE" missed="1" covered="0"/><counter type="COMPLEXITY" missed="1" covered="0"/><counter type="METHOD" missed="1" covered="0"/></method><method name="updateDepartement" desc="(Ltn/esprit/spring/kaddem/entities/Departement;)Ltn/esprit/spring/kaddem/entities/Departement;" line="29"><counter type="INSTRUCTION" missed="6" covered="0"/><counter type="LINE" missed="1" covered="0"/><counter type="COMPLEXITY" missed="1" covered="0"/><counter type="METHOD" missed="1" covered="0"/></method><method name="retrieveDepartement" desc="(Ljava/lang/Integer;)Ltn/esprit/spring/kaddem/entities/Departement;" line="33"><counter type="INSTRUCTION" missed="7" covered="0"/><counter type="LINE" missed="1" covered="0"/><counter type="COMPLEXITY" missed="1" covered="0"/><counter type="METHOD" missed="1" covered="0"/></method><method name="deleteDepartement" desc="(Ljava/lang/Integer;)V" line="36"><counter type="INSTRUCTION" missed="9" covered="0"/><counter type="LINE" missed="3" covered="0"/><counter type="COMPLEXITY" missed="1" covered="0"/><counter type="METHOD" missed="1" covered="0"/></method><method name="&lt;clinit&gt;" desc="()V" line="14"><counter type="INSTRUCTION" missed="4" covered="0"/><counter type="LINE" missed="1" covered="0"/><counter type="COMPLEXITY" missed="1" covered="0"/><counter type="METHOD" missed="1" covered="0"/></method><counter type="INSTRUCTION" missed="40" covered="0"/><counter type="LINE" missed="9" covered="0"/><counter type="COMPLEXITY" missed="7" covered="0"/><counter type="METHOD" missed="7" covered="0"/><counter type="CLASS" missed="1" covered="0"/></class><class name="tn/esprit/spring/kaddem/services/IContratService" sourcefilename="IContratService.java"/><sourcefile name="EquipeServiceImpl.java"><line nr="17" mi="4" ci="0" mb="0" cb="0"/><line nr="18" mi="6" ci="0" mb="0" cb="0"/><line nr="25" mi="5" ci="0" mb="0" cb="0"/><line nr="28" mi="6" ci="0" mb="0" cb="0"/><line nr="32" mi="4" ci="0" mb="0" cb="0"/><line nr="33" mi="4" ci="0" mb="0" cb="0"/><line nr="34" mi="1" ci="0" mb="0" cb="0"/><line nr="37" mi="7" ci="0" mb="0" cb="0"/><line nr="41" mi="6" ci="0" mb="0" cb="0"/><line nr="45" mi="5" ci="0" mb="0" cb="0"/><line nr="46" mi="10" ci="0" mb="2" cb="0"/><line nr="47" mi="10" ci="0" mb="4" cb="0"/><line nr="48" mi="4" ci="0" mb="0" cb="0"/><line nr="49" mi="3" ci="0" mb="0" cb="0"/><line nr="50" mi="10" ci="0" mb="2" cb="0"/><line nr="51" mi="3" ci="0" mb="0" cb="0"/><line nr="53" mi="10" ci="0" mb="2" cb="0"/><line nr="54" mi="4" ci="0" mb="0" cb="0"/><line nr="55" mi="7" ci="0" mb="0" cb="0"/><line nr="56" mi="4" ci="0" mb="0" cb="0"/><line nr="57" mi="8" ci="0" mb="4" cb="0"/><line nr="59" mi="12" ci="0" mb="0" cb="0"/><line nr="60" mi="1" ci="0" mb="0" cb="0"/><line nr="62" mi="5" ci="0" mb="2" cb="0"/><line nr="63" mi="1" ci="0" mb="0" cb="0"/><line nr="64" mi="1" ci="0" mb="0" cb="0"/><line nr="65" mi="4" ci="0" mb="2" cb="0"/><line nr="66" mi="5" ci="0" mb="2" cb="0"/><line nr="67" mi="3" ci="0" mb="0" cb="0"/><line nr="68" mi="5" ci="0" mb="0" cb="0"/><line nr="69" mi="1" ci="0" mb="0" cb="0"/><line nr="71" mi="5" ci="0" mb="2" cb="0"/><line nr="72" mi="3" ci="0" mb="0" cb="0"/><line nr="73" mi="5" ci="0" mb="0" cb="0"/><line nr="74" mi="1" ci="0" mb="0" cb="0"/><line nr="79" mi="1" ci="0" mb="0" cb="0"/><line nr="81" mi="1" ci="0" mb="0" cb="0"/><counter type="INSTRUCTION" missed="175" covered="0"/><counter type="BRANCH" missed="22" covered="0"/><counter type="LINE" missed="37" covered="0"/><counter type="COMPLEXITY" missed="19" covered="0"/><counter type="METHOD" missed="8" covered="0"/><counter type="CLASS" missed="1" covered="0"/></sourcefile><sourcefile name="ContratServiceImpl.java"><line nr="17" mi="4" ci="0" mb="0" cb="0"/><line nr="19" mi="3" ci="0" mb="0" cb="0"/><line nr="25" mi="4" ci="0" mb="0" cb="0"/><line nr="29" mi="6" ci="0" mb="0" cb="0"/><line nr="33" mi="6" ci="0" mb="0" cb="0"/><line nr="37" mi="8" ci="0" mb="0" cb="0"/><line nr="41" mi="4" ci="0" mb="0" cb="0"/><line nr="42" mi="4" ci="0" mb="0" cb="0"/><line nr="43" mi="1" ci="0" mb="0" cb="0"/><line nr="48" mi="6" ci="0" mb="0" cb="0"/><line nr="49" mi="5" ci="0" mb="0" cb="0"/><line nr="50" mi="3" ci="0" mb="0" cb="0"/><line nr="51" mi="3" ci="0" mb="0" cb="0"/><line nr="52" mi="3" ci="0" mb="2" cb="0"/><line nr="53" mi="10" ci="0" mb="2" cb="0"/><line nr="54" mi="7" ci="0" mb="4" cb="0"/><line nr="55" mi="12" ci="0" mb="0" cb="0"/><line nr="57" mi="1" ci="0" mb="0" cb="0"/><line nr="59" mi="4" ci="0" mb="2" cb="0"/><line nr="60" mi="3" ci="0" mb="0" cb="0"/><line nr="61" mi="5" ci="0" mb="0" cb="0"/><line nr="62" mi="2" ci="0" mb="0" cb="0"/><line nr="65" mi="6" ci="0" mb="0" cb="0"/><line nr="69" mi="4" ci="0" mb="0" cb="0"/><line nr="70" mi="2" ci="0" mb="0" cb="0"/><line nr="71" mi="2" ci="0" mb="0" cb="0"/><line nr="72" mi="10" ci="0" mb="2" cb="0"/><line nr="73" mi="4" ci="0" mb="0" cb="0"/><line nr="74" mi="4" ci="0" mb="2" cb="0"/><line nr="75" mi="7" ci="0" mb="0" cb="0"/><line nr="76" mi="6" ci="0" mb="0" cb="0"/><line nr="77" mi="4" ci="0" mb="2" cb="0"/><line nr="78" mi="4" ci="0" mb="0" cb="0"/><line nr="79" mi="10" ci="0" mb="0" cb="0"/><line nr="81" mi="4" ci="0" mb="2" cb="0"/><line nr="82" mi="4" ci="0" mb="0" cb="0"/><line nr="83" mi="4" ci="0" mb="0" cb="0"/><line nr="84" mi="5" ci="0" mb="0" cb="0"/><line nr="87" mi="1" ci="0" mb="0" cb="0"/><line nr="88" mi="1" ci="0" mb="0" cb="0"/><line nr="90" mi="7" ci="0" mb="0" cb="0"/><line nr="91" mi="6" ci="0" mb="0" cb="0"/><line nr="92" mi="4" ci="0" mb="0" cb="0"/><line nr="93" mi="4" ci="0" mb="0" cb="0"/><line nr="94" mi="2" ci="0" mb="0" cb="0"/><line nr="95" mi="10" ci="0" mb="2" cb="0"/><line nr="96" mi="4" ci="0" mb="2" cb="0"/><line nr="97" mi="7" ci="0" mb="0" cb="0"/><line nr="98" mi="4" ci="0" mb="2" cb="0"/><line nr="99" mi="7" ci="0" mb="0" cb="0"/><line nr="101" mi="4" ci="0" mb="2" cb="0"/><line nr="102" mi="7" ci="0" mb="0" cb="0"/><line nr="106" mi="6" ci="0" mb="0" cb="0"/><line nr="108" mi="1" ci="0" mb="0" cb="0"/><line nr="109" mi="2" ci="0" mb="0" cb="0"/><counter type="INSTRUCTION" missed="261" covered="0"/><counter type="BRANCH" missed="26" covered="0"/><counter type="LINE" missed="55" covered="0"/><counter type="COMPLEXITY" missed="24" covered="0"/><counter type="METHOD" missed="11" covered="0"/><counter type="CLASS" missed="1" covered="0"/></sourcefile><sourcefile name="IUniversiteService.java"/><sourcefile name="UniversiteServiceImpl.java"><line nr="19" mi="2" ci="0" mb="0" cb="0"/><line nr="21" mi="1" ci="0" mb="0" cb="0"/><line nr="23" mi="5" ci="0" mb="0" cb="0"/><line nr="27" mi="6" ci="0" mb="0" cb="0"/><line nr="31" mi="6" ci="0" mb="0" cb="0"/><line nr="35" mi="7" ci="0" mb="0" cb="0"/><line nr="36" mi="2" ci="0" mb="0" cb="0"/><line nr="39" mi="6" ci="0" mb="0" cb="0"/><line nr="40" mi="1" ci="0" mb="0" cb="0"/><line nr="43" mi="8" ci="0" mb="0" cb="0"/><line nr="44" mi="8" ci="0" mb="0" cb="0"/><line nr="45" mi="5" ci="0" mb="0" cb="0"/><line nr="46" mi="5" ci="0" mb="0" cb="0"/><line nr="47" mi="1" ci="0" mb="0" cb="0"/><line nr="50" mi="8" ci="0" mb="0" cb="0"/><line nr="51" mi="3" ci="0" mb="0" cb="0"/><counter type="INSTRUCTION" missed="74" covered="0"/><counter type="LINE" missed="16" covered="0"/><counter type="COMPLEXITY" missed="8" covered="0"/><counter type="METHOD" missed="8" covered="0"/><counter type="CLASS" missed="1" covered="0"/></sourcefile><sourcefile name="IContratService.java"/><sourcefile name="IDepartementService.java"/><sourcefile name="IEquipeService.java"/><sourcefile name="EtudiantServiceImpl.java"><line nr="22" mi="4" ci="0" mb="0" cb="0"/><line nr="23" mi="3" ci="0" mb="0" cb="0"/><line nr="33" mi="5" ci="0" mb="0" cb="0"/><line nr="37" mi="6" ci="0" mb="0" cb="0"/><line nr="41" mi="6" ci="0" mb="0" cb="0"/><line nr="45" mi="7" ci="0" mb="0" cb="0"/><line nr="49" mi="4" ci="0" mb="0" cb="0"/><line nr="50" mi="4" ci="0" mb="0" cb="0"/><line nr="51" mi="1" ci="0" mb="0" cb="0"/><line nr="54" mi="8" ci="0" mb="0" cb="0"/><line nr="55" mi="8" ci="0" mb="0" cb="0"/><line nr="56" mi="3" ci="0" mb="0" cb="0"/><line nr="57" mi="5" ci="0" mb="0" cb="0"/><line nr="58" mi="1" ci="0" mb="0" cb="0"/><line nr="61" mi="8" ci="0" mb="0" cb="0"/><line nr="62" mi="8" ci="0" mb="0" cb="0"/><line nr="63" mi="3" ci="0" mb="0" cb="0"/><line nr="64" mi="5" ci="0" mb="0" cb="0"/><line nr="65" mi="2" ci="0" mb="0" cb="0"/><line nr="69" mi="5" ci="0" mb="0" cb="0"/><counter type="INSTRUCTION" missed="96" covered="0"/><counter type="LINE" missed="20" covered="0"/><counter type="COMPLEXITY" missed="10" covered="0"/><counter type="METHOD" missed="10" covered="0"/><counter type="CLASS" missed="1" covered="0"/></sourcefile><sourcefile name="DepartementServiceImpl.java"><line nr="14" mi="4" ci="0" mb="0" cb="0"/><line nr="17" mi="3" ci="0" mb="0" cb="0"/><line nr="21" mi="5" ci="0" mb="0" cb="0"/><line nr="25" mi="6" ci="0" mb="0" cb="0"/><line nr="29" mi="6" ci="0" mb="0" cb="0"/><line nr="33" mi="7" ci="0" mb="0" cb="0"/><line nr="36" mi="4" ci="0" mb="0" cb="0"/><line nr="37" mi="4" ci="0" mb="0" cb="0"/><line nr="38" mi="1" ci="0" mb="0" cb="0"/><counter type="INSTRUCTION" missed="40" covered="0"/><counter type="LINE" missed="9" covered="0"/><counter type="COMPLEXITY" missed="7" covered="0"/><counter type="METHOD" missed="7" covered="0"/><counter type="CLASS" missed="1" covered="0"/></sourcefile><sourcefile name="IEtudiantService.java"/><counter type="INSTRUCTION" missed="646" covered="0"/><counter type="BRANCH" missed="48" covered="0"/><counter type="LINE" missed="137" covered="0"/><counter type="COMPLEXITY" missed="68" covered="0"/><counter type="METHOD" missed="44" covered="0"/><counter type="CLASS" missed="5" covered="0"/></package><counter type="INSTRUCTION" missed="1463" covered="0"/><counter type="BRANCH" missed="48" covered="0"/><counter type="LINE" missed="389" covered="0"/><counter type="COMPLEXITY" missed="194" covered="0"/><counter type="METHOD" missed="170" covered="0"/><counter type="CLASS" missed="20" covered="0"/></report>